C51 COMPILER V9.56.0.0   DELAY                                                             03/17/2019 14:30:51 PAGE 1   


C51 COMPILER V9.56.0.0, COMPILATION OF MODULE DELAY
OBJECT MODULE PLACED IN .\list\delay.obj
COMPILER INVOKED BY: E:\keil_c51\C51\BIN\C51.EXE core\51\delay.c LARGE OPTIMIZE(9,SPEED) BROWSE DEBUG OBJECTEXTEND PRINT
                    -(.\list\delay.lst) TABS(2) OBJECT(.\list\delay.obj)

line level    source

   1          
   2          /*------------------------------------------------------------------*/
   3          /* --- STC MCU International Limited -------------------------------*/
   4          /* --- STC 1T Series MCU RC Demo -----------------------------------*/
   5          /* --- Mobile: (86)13922805190 -------------------------------------*/
   6          /* --- Fax: 86-0513-55012956,55012947,55012969 ---------------------*/
   7          /* --- Tel: 86-0513-55012928,55012929,55012966 ---------------------*/
   8          /* --- Web: www.GXWMCU.com -----------------------------------------*/
   9          /* --- QQ:  800003751 ----------------------------------------------*/
  10          /* If you want to use the program or the program referenced in the  */
  11          /* article, please specify in which data and procedures from STC    */
  12          /*------------------------------------------------------------------*/
  13          
  14          /*************  功能说明  **************
  15          
  16          本文件为STC15xxx系列的延时程序,用户几乎可以不修改这个程序.
  17          
  18          
  19          ******************************************/
  20          
  21          #include  "delay.h"
  22          
  23          
  24          
  25          //========================================================================
  26          // 函数: void  delay_ms(u8 ms)
  27          // 描述: 延时函数。
  28          // 参数: ms,要延时的ms数, 这里只支持1~255ms. 自动适应主时钟.
  29          // 返回: none.
  30          // 版本: VER1.0
  31          // 日期: 2018-4-1
  32          // 备注: 
  33          //========================================================================
  34          void  delay_ms(u8 ms)
  35          {
  36   1        u16 i;
  37   1        do
  38   1        {
  39   2          #ifdef STC8XXXX
                  i = MAIN_Fosc / 10000;
                  #endif
  42   2          
  43   2          #ifdef STC15XXXX
  44   2          i = MAIN_Fosc / 13000;
  45   2          #endif
  46   2          
  47   2          while(--i)  ;
  48   2        }while(--ms);
  49   1      }


MODULE INFORMATION:   STATIC OVERLAYABLE
   CODE SIZE        =     16    ----
   CONSTANT SIZE    =   ----    ----
C51 COMPILER V9.56.0.0   DELAY                                                             03/17/2019 14:30:51 PAGE 2   

   XDATA SIZE       =   ----    ----
   PDATA SIZE       =   ----    ----
   DATA SIZE        =   ----    ----
   IDATA SIZE       =   ----    ----
   BIT SIZE         =   ----    ----
END OF MODULE INFORMATION.


C51 COMPILATION COMPLETE.  0 WARNING(S),  0 ERROR(S)
