C51 COMPILER V9.56.0.0   GPIO                                                              03/14/2019 22:05:35 PAGE 1   


C51 COMPILER V9.56.0.0, COMPILATION OF MODULE GPIO
OBJECT MODULE PLACED IN .\list\GPIO.obj
COMPILER INVOKED BY: E:\keil_c51\C51\BIN\C51.EXE GPIO.c OPTIMIZE(8,SPEED) BROWSE DEBUG OBJECTEXTEND PRINT(.\list\GPIO.ls
                    -t) TABS(2) OBJECT(.\list\GPIO.obj)

line level    source

   1          
   2          /*------------------------------------------------------------------*/
   3          /* --- STC MCU International Limited -------------------------------*/
   4          /* --- STC 1T Series MCU RC Demo -----------------------------------*/
   5          /* --- Mobile: (86)13922805190 -------------------------------------*/
   6          /* --- Fax: 86-0513-55012956,55012947,55012969 ---------------------*/
   7          /* --- Tel: 86-0513-55012928,55012929,55012966 ---------------------*/
   8          /* --- Web: www.GXWMCU.com -----------------------------------------*/
   9          /* --- QQ:  800003751 ----------------------------------------------*/
  10          /* If you want to use the program or the program referenced in the  */
  11          /* article, please specify in which data and procedures from STC    */
  12          /*------------------------------------------------------------------*/
  13          
  14          /*************  功能说明  **************
  15          
  16          本文件为STC8xxx系列的端口初始化程序,用户几乎可以不修改这个程序.
  17          
  18          
  19          ******************************************/
  20          
  21          #include  "GPIO.h"
  22          
  23          


MODULE INFORMATION:   STATIC OVERLAYABLE
   CODE SIZE        =   ----    ----
   CONSTANT SIZE    =   ----    ----
   XDATA SIZE       =   ----    ----
   PDATA SIZE       =   ----    ----
   DATA SIZE        =   ----    ----
   IDATA SIZE       =   ----    ----
   BIT SIZE         =   ----    ----
END OF MODULE INFORMATION.


C51 COMPILATION COMPLETE.  0 WARNING(S),  0 ERROR(S)
