C51 COMPILER V9.56.0.0   MAIN                                                              03/17/2019 22:37:53 PAGE 1   


C51 COMPILER V9.56.0.0, COMPILATION OF MODULE MAIN
OBJECT MODULE PLACED IN .\list\main.obj
COMPILER INVOKED BY: E:\keil_c51\C51\BIN\C51.EXE main.c LARGE OPTIMIZE(9,SPEED) BROWSE DEBUG OBJECTEXTEND PRINT(.\list\m
                    -ain.lst) TABS(2) OBJECT(.\list\main.obj)

line level    source

   1          
   2          /*------------------------------------------------------------------*/
   3          /* --- STC MCU International Limited -------------------------------*/
   4          /* --- STC 1T Series MCU RC Demo -----------------------------------*/
   5          /* --- Mobile: (86)13922805190 -------------------------------------*/
   6          /* --- Fax: 86-0513-55012956,55012947,55012969 ---------------------*/
   7          /* --- Tel: 86-0513-55012928,55012929,55012966 ---------------------*/
   8          /* --- Web: www.GXWMCU.com -----------------------------------------*/
   9          /* --- QQ:  800003751 ----------------------------------------------*/
  10          /* If you want to use the program or the program referenced in the  */
  11          /* article, please specify in which data and procedures from STC    */
  12          /*------------------------------------------------------------------*/
  13          
  14          #include  <stdio.h>
  15          #include  "common.h"
*** WARNING C317 IN LINE 148 OF common.h: attempt to redefine macro 'NULL'
  16          #include  "driver/51/hw_gpioCtl51.h"
  17          #include  "core/51/delay.h"
  18          #include  "hal/pinCtl.h"
  19          #include  "hal/servoCommon.h"
  20          #include  "hal/serial.h"
  21          #include  "hal/timer.h"
  22          #include  "driver/51/hw_serial.h"
  23          #include  "driver/51/hw_timer.h"
  24          
  25          /******************** Ö÷º¯Êý **************************/
  26          void main(void)
  27          {
  28   1        uint16 angle = 90;
  29   1        uint8 ret = 0;
  30   1        uint8 i;
  31   1      
  32   1        HW_serialConfig(USART1, 115200ul);
  33   1        pinMode_common(LED_CTL_PIN, OUTPUT); 
  34   1        ServoDefaultInit();
  35   1        EA = 1;
  36   1        
  37   1        #if 0
                pinMode_common(MOTOR_LEFT_PIN_LEFT, OUTPUT);
                pinMode_common(MOTOR_LEFT_PIN_RIGHT, OUTPUT);
                pinMode_common(MOTOR_RIGHT_PIN_LEFT, OUTPUT);
                pinMode_common(MOTOR_RIGHT_PIN_RIGHT, OUTPUT);
                
                pinMode_common(LEFT_IR_PIN, INPUT);
                pinMode_common(RIGHT_IR_PIN, INPUT);
                #endif
  46   1        
  47   1        servoWrite(angle);
  48   1        while(1)
  49   1        {
  50   2          
  51   2          //digitalRead_common(LEFT_IR_PIN);
  52   2          //digitalRead_common(RIGHT_IR_PIN);
  53   2          //printf("hello catsssssss !!!!\r\n");
C51 COMPILER V9.56.0.0   MAIN                                                              03/17/2019 22:37:53 PAGE 2   

  54   2          
  55   2          angle = (90+36)%180;
  56   2          servoWrite(angle);
  57   2          delay_ms(250);
  58   2          angle = (90-36)%180;
  59   2          servoWrite(angle);
  60   2          delay_ms(250);
  61   2      
  62   2        }
  63   1      }
*** WARNING C280 IN LINE 30 OF main.c: 'i': unreferenced local variable
  64          
  65          
  66          
  67          


MODULE INFORMATION:   STATIC OVERLAYABLE
   CODE SIZE        =     86    ----
   CONSTANT SIZE    =   ----    ----
   XDATA SIZE       =     14       4
   PDATA SIZE       =   ----    ----
   DATA SIZE        =   ----    ----
   IDATA SIZE       =   ----    ----
   BIT SIZE         =   ----    ----
END OF MODULE INFORMATION.


C51 COMPILATION COMPLETE.  2 WARNING(S),  0 ERROR(S)
