C51 COMPILER V9.56.0.0   PINCTL                                                            03/16/2019 15:14:59 PAGE 1   


C51 COMPILER V9.56.0.0, COMPILATION OF MODULE PINCTL
OBJECT MODULE PLACED IN .\list\pinCtl.obj
COMPILER INVOKED BY: E:\keil_c51\C51\BIN\C51.EXE hal\pinCtl.c LARGE OPTIMIZE(8,SPEED) BROWSE DEBUG OBJECTEXTEND PRINT(.\
                    -list\pinCtl.lst) TABS(2) OBJECT(.\list\pinCtl.obj)

line level    source

   1          
   2          #include "pinCtl.h"
   3          #include "driver/51/hw_gpioCtl51.h"
   4          //#ifndef ARDUINO_LIB 
   5          
   6          int32 pinMode_common(uint8 pin, PIN_MODE mode)
   7          {
   8   1        if(mode < 0){
   9   2            return -1;
  10   2        }
  11   1        HW_GPIO_config(pin, mode);
  12   1      }
  13          
  14          void analogWrite_common(uint8 pin, int32 val)
  15          {
  16   1          pinMode_common(pin, OUTPUT);
  17   1          if (val == 0){
  18   2              digitalWrite_common(pin, LOW);
  19   2          }
  20   1           //...
  21   1      }
  22          
  23          void digitalWrite_common(uint8 pin, int32 val)
  24          {
  25   1        
  26   1        HW_GPIO_digitalWrite(pin, val);
  27   1      }
  28          
  29          uint8 digitalRead_common(uint8 pin)
  30          {
  31   1        
  32   1        return HW_GPIO_digitalRead(pin);
  33   1        
  34   1      }
  35          //#endif
*** WARNING C291 IN LINE 12 OF hal\pinCtl.c: not every exit path returns a value


MODULE INFORMATION:   STATIC OVERLAYABLE
   CODE SIZE        =     62    ----
   CONSTANT SIZE    =   ----    ----
   XDATA SIZE       =   ----       3
   PDATA SIZE       =   ----    ----
   DATA SIZE        =   ----    ----
   IDATA SIZE       =   ----    ----
   BIT SIZE         =   ----    ----
END OF MODULE INFORMATION.


C51 COMPILATION COMPLETE.  1 WARNING(S),  0 ERROR(S)
